Analysis & Synthesis report for RAM2
Sun Sep 26 08:38:12 2010
Quartus II Version 10.0 Build 218 06/27/2010 SJ Full Version


---------------------
; Table of Contents ;
---------------------
  1. Legal Notice
  2. Analysis & Synthesis Summary
  3. Analysis & Synthesis Settings
  4. Parallel Compilation
  5. Analysis & Synthesis Source Files Read
  6. Analysis & Synthesis Resource Usage Summary
  7. Analysis & Synthesis Resource Utilization by Entity
  8. Analysis & Synthesis RAM Summary
  9. Analysis & Synthesis IP Cores Summary
 10. General Register Statistics
 11. Source assignments for alt3pram:alt3pram_component|altdpram:altdpram_component1|altsyncram:ram_block|altsyncram_uqt1:auto_generated
 12. Source assignments for alt3pram:alt3pram_component|altdpram:altdpram_component2|altsyncram:ram_block|altsyncram_uqt1:auto_generated
 13. Parameter Settings for User Entity Instance: alt3pram:alt3pram_component
 14. Analysis & Synthesis Messages



----------------
; Legal Notice ;
----------------
Copyright (C) 1991-2010 Altera Corporation
Your use of Altera Corporation's design tools, logic functions 
and other software and tools, and its AMPP partner logic 
functions, and any output files from any of the foregoing 
(including device programming or simulation files), and any 
associated documentation or information are expressly subject 
to the terms and conditions of the Altera Program License 
Subscription Agreement, Altera MegaCore Function License 
Agreement, or other applicable license agreement, including, 
without limitation, that your use is for the sole purpose of 
programming logic devices manufactured by Altera and sold by 
Altera or its authorized distributors.  Please refer to the 
applicable agreement for further details.



+--------------------------------------------------------------------------------+
; Analysis & Synthesis Summary                                                   ;
+------------------------------------+-------------------------------------------+
; Analysis & Synthesis Status        ; Successful - Sun Sep 26 08:38:12 2010     ;
; Quartus II Version                 ; 10.0 Build 218 06/27/2010 SJ Full Version ;
; Revision Name                      ; RAM2                                      ;
; Top-level Entity Name              ; RAM2                                      ;
; Family                             ; Cyclone II                                ;
; Total logic elements               ; 0                                         ;
;     Total combinational functions  ; 0                                         ;
;     Dedicated logic registers      ; 0                                         ;
; Total registers                    ; 0                                         ;
; Total pins                         ; 59                                        ;
; Total virtual pins                 ; 0                                         ;
; Total memory bits                  ; 32,768                                    ;
; Embedded Multiplier 9-bit elements ; 0                                         ;
; Total PLLs                         ; 0                                         ;
+------------------------------------+-------------------------------------------+


+----------------------------------------------------------------------------------------------------------------------+
; Analysis & Synthesis Settings                                                                                        ;
+----------------------------------------------------------------------------+--------------------+--------------------+
; Option                                                                     ; Setting            ; Default Value      ;
+----------------------------------------------------------------------------+--------------------+--------------------+
; Top-level entity name                                                      ; RAM2               ; RAM2               ;
; Family name                                                                ; Cyclone II         ; Stratix II         ;
; Use smart compilation                                                      ; Off                ; Off                ;
; Enable parallel Assembler and TimeQuest Timing Analyzer during compilation ; On                 ; On                 ;
; Enable compact report table                                                ; Off                ; Off                ;
; Restructure Multiplexers                                                   ; Auto               ; Auto               ;
; Create Debugging Nodes for IP Cores                                        ; Off                ; Off                ;
; Preserve fewer node names                                                  ; On                 ; On                 ;
; Disable OpenCore Plus hardware evaluation                                  ; Off                ; Off                ;
; Verilog Version                                                            ; Verilog_2001       ; Verilog_2001       ;
; VHDL Version                                                               ; VHDL_1993          ; VHDL_1993          ;
; State Machine Processing                                                   ; Auto               ; Auto               ;
; Safe State Machine                                                         ; Off                ; Off                ;
; Extract Verilog State Machines                                             ; On                 ; On                 ;
; Extract VHDL State Machines                                                ; On                 ; On                 ;
; Ignore Verilog initial constructs                                          ; Off                ; Off                ;
; Iteration limit for constant Verilog loops                                 ; 5000               ; 5000               ;
; Iteration limit for non-constant Verilog loops                             ; 250                ; 250                ;
; Add Pass-Through Logic to Inferred RAMs                                    ; On                 ; On                 ;
; Parallel Synthesis                                                         ; On                 ; On                 ;
; DSP Block Balancing                                                        ; Auto               ; Auto               ;
; NOT Gate Push-Back                                                         ; On                 ; On                 ;
; Power-Up Don't Care                                                        ; On                 ; On                 ;
; Remove Redundant Logic Cells                                               ; Off                ; Off                ;
; Remove Duplicate Registers                                                 ; On                 ; On                 ;
; Ignore CARRY Buffers                                                       ; Off                ; Off                ;
; Ignore CASCADE Buffers                                                     ; Off                ; Off                ;
; Ignore GLOBAL Buffers                                                      ; Off                ; Off                ;
; Ignore ROW GLOBAL Buffers                                                  ; Off                ; Off                ;
; Ignore LCELL Buffers                                                       ; Off                ; Off                ;
; Ignore SOFT Buffers                                                        ; On                 ; On                 ;
; Limit AHDL Integers to 32 Bits                                             ; Off                ; Off                ;
; Optimization Technique                                                     ; Balanced           ; Balanced           ;
; Carry Chain Length                                                         ; 70                 ; 70                 ;
; Auto Carry Chains                                                          ; On                 ; On                 ;
; Auto Open-Drain Pins                                                       ; On                 ; On                 ;
; Perform WYSIWYG Primitive Resynthesis                                      ; Off                ; Off                ;
; Auto ROM Replacement                                                       ; On                 ; On                 ;
; Auto RAM Replacement                                                       ; On                 ; On                 ;
; Auto Shift Register Replacement                                            ; Auto               ; Auto               ;
; Auto Clock Enable Replacement                                              ; On                 ; On                 ;
; Strict RAM Replacement                                                     ; Off                ; Off                ;
; Allow Synchronous Control Signals                                          ; On                 ; On                 ;
; Force Use of Synchronous Clear Signals                                     ; Off                ; Off                ;
; Auto RAM to Logic Cell Conversion                                          ; Off                ; Off                ;
; Auto Resource Sharing                                                      ; Off                ; Off                ;
; Allow Any RAM Size For Recognition                                         ; Off                ; Off                ;
; Allow Any ROM Size For Recognition                                         ; Off                ; Off                ;
; Allow Any Shift Register Size For Recognition                              ; Off                ; Off                ;
; Use LogicLock Constraints during Resource Balancing                        ; On                 ; On                 ;
; Ignore translate_off and synthesis_off directives                          ; Off                ; Off                ;
; Timing-Driven Synthesis                                                    ; Off                ; Off                ;
; Report Parameter Settings                                                  ; On                 ; On                 ;
; Report Source Assignments                                                  ; On                 ; On                 ;
; Report Connectivity Checks                                                 ; On                 ; On                 ;
; Ignore Maximum Fan-Out Assignments                                         ; Off                ; Off                ;
; Synchronization Register Chain Length                                      ; 2                  ; 2                  ;
; PowerPlay Power Optimization                                               ; Normal compilation ; Normal compilation ;
; HDL message level                                                          ; Level2             ; Level2             ;
; Suppress Register Optimization Related Messages                            ; Off                ; Off                ;
; Number of Removed Registers Reported in Synthesis Report                   ; 5000               ; 5000               ;
; Number of Inverted Registers Reported in Synthesis Report                  ; 100                ; 100                ;
; Clock MUX Protection                                                       ; On                 ; On                 ;
; Auto Gated Clock Conversion                                                ; Off                ; Off                ;
; Block Design Naming                                                        ; Auto               ; Auto               ;
; SDC constraint protection                                                  ; Off                ; Off                ;
; Synthesis Effort                                                           ; Auto               ; Auto               ;
; Shift Register Replacement - Allow Asynchronous Clear Signal               ; On                 ; On                 ;
; Analysis & Synthesis Message Level                                         ; Medium             ; Medium             ;
; Disable Register Merging Across Hierarchies                                ; Auto               ; Auto               ;
; Resource Aware Inference For Block RAM                                     ; On                 ; On                 ;
; Synthesis Seed                                                             ; 1                  ; 1                  ;
+----------------------------------------------------------------------------+--------------------+--------------------+


+------------------------------------------+
; Parallel Compilation                     ;
+----------------------------+-------------+
; Processors                 ; Number      ;
+----------------------------+-------------+
; Number detected on machine ; 2           ;
; Maximum allowed            ; 2           ;
;                            ;             ;
; Average used               ; 1.00        ;
; Maximum used               ; 1           ;
;                            ;             ;
; Usage by Processor         ; % Time Used ;
;     1 processor            ; 100.0%      ;
;     2 processors           ;   0.0%      ;
+----------------------------+-------------+


+--------------------------------------------------------------------------------------------------------------------------------------------------------------------------+
; Analysis & Synthesis Source Files Read                                                                                                                                   ;
+----------------------------------+-----------------+------------------------------+--------------------------------------------------------------------------------------+
; File Name with User-Entered Path ; Used in Netlist ; File Type                    ; File Name with Absolute Path                                                         ;
+----------------------------------+-----------------+------------------------------+--------------------------------------------------------------------------------------+
; RAM2.v                           ; yes             ; User Wizard-Generated File   ; /share/jinz/MIPS/mips_sram/proj/greybox_tmp/RAM2.v                                   ;
; alt3pram.tdf                     ; yes             ; Megafunction                 ; /usr/local/3rdparty/altera/quartus101/quartus/libraries/megafunctions/alt3pram.tdf   ;
; altdpram.tdf                     ; yes             ; Megafunction                 ; /usr/local/3rdparty/altera/quartus101/quartus/libraries/megafunctions/altdpram.tdf   ;
; altsyncram.tdf                   ; yes             ; Megafunction                 ; /usr/local/3rdparty/altera/quartus101/quartus/libraries/megafunctions/altsyncram.tdf ;
; db/altsyncram_uqt1.tdf           ; yes             ; Auto-Generated Megafunction  ; /share/jinz/MIPS/mips_sram/proj/greybox_tmp/db/altsyncram_uqt1.tdf                   ;
+----------------------------------+-----------------+------------------------------+--------------------------------------------------------------------------------------+


+-----------------------------------------------------+
; Analysis & Synthesis Resource Usage Summary         ;
+---------------------------------------------+-------+
; Resource                                    ; Usage ;
+---------------------------------------------+-------+
;                                             ;       ;
; Total combinational functions               ; 0     ;
; Logic element usage by number of LUT inputs ;       ;
;     -- 4 input functions                    ; 0     ;
;     -- 3 input functions                    ; 0     ;
;     -- <=2 input functions                  ; 0     ;
;                                             ;       ;
; Logic elements by mode                      ;       ;
;     -- normal mode                          ; 0     ;
;     -- arithmetic mode                      ; 0     ;
;                                             ;       ;
; Total registers                             ; 0     ;
;     -- Dedicated logic registers            ; 0     ;
;     -- I/O registers                        ; 0     ;
;                                             ;       ;
; I/O pins                                    ; 59    ;
; Total memory bits                           ; 32768 ;
; Maximum fan-out node                        ; wren  ;
; Maximum fan-out                             ; 16    ;
; Total fan-out                               ; 416   ;
; Average fan-out                             ; 5.55  ;
+---------------------------------------------+-------+


+-----------------------------------------------------------------------------------------------------------------------------------------------------------------------------------------------------------------------------------------------------------------------------------------------------------+
; Analysis & Synthesis Resource Utilization by Entity                                                                                                                                                                                                                                                       ;
+----------------------------------------------+-------------------+--------------+-------------+------------+--------------+---------+-----------+------+--------------+--------------------------------------------------------------------------------------------------------------------+--------------+
; Compilation Hierarchy Node                   ; LC Combinationals ; LC Registers ; Memory Bits ; DSP Blocks ; DSP Elements ; DSP 9x9 ; DSP 18x18 ; Pins ; Virtual Pins ; Full Hierarchy Name                                                                                                ; Library Name ;
+----------------------------------------------+-------------------+--------------+-------------+------------+--------------+---------+-----------+------+--------------+--------------------------------------------------------------------------------------------------------------------+--------------+
; |RAM2                                        ; 0 (0)             ; 0 (0)        ; 32768       ; 0          ; 0            ; 0       ; 0         ; 59   ; 0            ; |RAM2                                                                                                              ;              ;
;    |alt3pram:alt3pram_component|             ; 0 (0)             ; 0 (0)        ; 32768       ; 0          ; 0            ; 0       ; 0         ; 0    ; 0            ; |RAM2|alt3pram:alt3pram_component                                                                                  ;              ;
;       |altdpram:altdpram_component1|         ; 0 (0)             ; 0 (0)        ; 16384       ; 0          ; 0            ; 0       ; 0         ; 0    ; 0            ; |RAM2|alt3pram:alt3pram_component|altdpram:altdpram_component1                                                     ;              ;
;          |altsyncram:ram_block|              ; 0 (0)             ; 0 (0)        ; 16384       ; 0          ; 0            ; 0       ; 0         ; 0    ; 0            ; |RAM2|alt3pram:alt3pram_component|altdpram:altdpram_component1|altsyncram:ram_block                                ;              ;
;             |altsyncram_uqt1:auto_generated| ; 0 (0)             ; 0 (0)        ; 16384       ; 0          ; 0            ; 0       ; 0         ; 0    ; 0            ; |RAM2|alt3pram:alt3pram_component|altdpram:altdpram_component1|altsyncram:ram_block|altsyncram_uqt1:auto_generated ;              ;
;       |altdpram:altdpram_component2|         ; 0 (0)             ; 0 (0)        ; 16384       ; 0          ; 0            ; 0       ; 0         ; 0    ; 0            ; |RAM2|alt3pram:alt3pram_component|altdpram:altdpram_component2                                                     ;              ;
;          |altsyncram:ram_block|              ; 0 (0)             ; 0 (0)        ; 16384       ; 0          ; 0            ; 0       ; 0         ; 0    ; 0            ; |RAM2|alt3pram:alt3pram_component|altdpram:altdpram_component2|altsyncram:ram_block                                ;              ;
;             |altsyncram_uqt1:auto_generated| ; 0 (0)             ; 0 (0)        ; 16384       ; 0          ; 0            ; 0       ; 0         ; 0    ; 0            ; |RAM2|alt3pram:alt3pram_component|altdpram:altdpram_component2|altsyncram:ram_block|altsyncram_uqt1:auto_generated ;              ;
+----------------------------------------------+-------------------+--------------+-------------+------------+--------------+---------+-----------+------+--------------+--------------------------------------------------------------------------------------------------------------------+--------------+
Note: For table entries with two numbers listed, the numbers in parentheses indicate the number of resources of the given type used by the specific entity alone. The numbers listed outside of parentheses indicate the total resources of the given type used by the specific entity and all of its sub-entities in the hierarchy.


+------------------------------------------------------------------------------------------------------------------------------------------------------------------------------------------------------------------------------+
; Analysis & Synthesis RAM Summary                                                                                                                                                                                             ;
+-------------------------------------------------------------------------------------------------------------------------+------+------------------+--------------+--------------+--------------+--------------+-------+------+
; Name                                                                                                                    ; Type ; Mode             ; Port A Depth ; Port A Width ; Port B Depth ; Port B Width ; Size  ; MIF  ;
+-------------------------------------------------------------------------------------------------------------------------+------+------------------+--------------+--------------+--------------+--------------+-------+------+
; alt3pram:alt3pram_component|altdpram:altdpram_component1|altsyncram:ram_block|altsyncram_uqt1:auto_generated|ALTSYNCRAM ; M4K  ; Simple Dual Port ; 2048         ; 8            ; 2048         ; 8            ; 16384 ; None ;
; alt3pram:alt3pram_component|altdpram:altdpram_component2|altsyncram:ram_block|altsyncram_uqt1:auto_generated|ALTSYNCRAM ; M4K  ; Simple Dual Port ; 2048         ; 8            ; 2048         ; 8            ; 16384 ; None ;
+-------------------------------------------------------------------------------------------------------------------------+------+------------------+--------------+--------------+--------------+--------------+-------+------+


+--------------------------------------------------------------------------------------------------------------------------------------+
; Analysis & Synthesis IP Cores Summary                                                                                                ;
+--------+--------------+---------+--------------+--------------+-----------------+----------------------------------------------------+
; Vendor ; IP Core Name ; Version ; Release Date ; License Type ; Entity Instance ; IP Include File                                    ;
+--------+--------------+---------+--------------+--------------+-----------------+----------------------------------------------------+
; Altera ; RAM: 3-PORT  ; N/A     ; N/A          ; N/A          ; |RAM2           ; /share/jinz/MIPS/mips_sram/proj/greybox_tmp/RAM2.v ;
+--------+--------------+---------+--------------+--------------+-----------------+----------------------------------------------------+


+------------------------------------------------------+
; General Register Statistics                          ;
+----------------------------------------------+-------+
; Statistic                                    ; Value ;
+----------------------------------------------+-------+
; Total registers                              ; 0     ;
; Number of registers using Synchronous Clear  ; 0     ;
; Number of registers using Synchronous Load   ; 0     ;
; Number of registers using Asynchronous Clear ; 0     ;
; Number of registers using Asynchronous Load  ; 0     ;
; Number of registers using Clock Enable       ; 0     ;
; Number of registers using Preset             ; 0     ;
+----------------------------------------------+-------+


+-------------------------------------------------------------------------------------------------------------------------------------+
; Source assignments for alt3pram:alt3pram_component|altdpram:altdpram_component1|altsyncram:ram_block|altsyncram_uqt1:auto_generated ;
+---------------------------------+--------------------+------+-----------------------------------------------------------------------+
; Assignment                      ; Value              ; From ; To                                                                    ;
+---------------------------------+--------------------+------+-----------------------------------------------------------------------+
; OPTIMIZE_POWER_DURING_SYNTHESIS ; NORMAL_COMPILATION ; -    ; -                                                                     ;
+---------------------------------+--------------------+------+-----------------------------------------------------------------------+


+-------------------------------------------------------------------------------------------------------------------------------------+
; Source assignments for alt3pram:alt3pram_component|altdpram:altdpram_component2|altsyncram:ram_block|altsyncram_uqt1:auto_generated ;
+---------------------------------+--------------------+------+-----------------------------------------------------------------------+
; Assignment                      ; Value              ; From ; To                                                                    ;
+---------------------------------+--------------------+------+-----------------------------------------------------------------------+
; OPTIMIZE_POWER_DURING_SYNTHESIS ; NORMAL_COMPILATION ; -    ; -                                                                     ;
+---------------------------------+--------------------+------+-----------------------------------------------------------------------+


+--------------------------------------------------------------------------+
; Parameter Settings for User Entity Instance: alt3pram:alt3pram_component ;
+------------------------+-----------------------+-------------------------+
; Parameter Name         ; Value                 ; Type                    ;
+------------------------+-----------------------+-------------------------+
; WIDTH_BYTEENA          ; 1                     ; Untyped                 ;
; AUTO_CARRY_CHAINS      ; ON                    ; AUTO_CARRY              ;
; IGNORE_CARRY_BUFFERS   ; OFF                   ; IGNORE_CARRY            ;
; AUTO_CASCADE_CHAINS    ; ON                    ; AUTO_CASCADE            ;
; IGNORE_CASCADE_BUFFERS ; OFF                   ; IGNORE_CASCADE          ;
; WIDTH                  ; 8                     ; Signed Integer          ;
; WIDTHAD                ; 11                    ; Signed Integer          ;
; NUMWORDS               ; 2048                  ; Untyped                 ;
; LPM_FILE               ; ../test_data/RAM3.mif ; Untyped                 ;
; INDATA_REG             ; INCLOCK               ; Untyped                 ;
; INDATA_ACLR            ; OFF                   ; Untyped                 ;
; WRITE_REG              ; INCLOCK               ; Untyped                 ;
; WRITE_ACLR             ; OFF                   ; Untyped                 ;
; RDADDRESS_REG_A        ; INCLOCK               ; Untyped                 ;
; RDADDRESS_ACLR_A       ; OFF                   ; Untyped                 ;
; RDCONTROL_REG_A        ; UNREGISTERED          ; Untyped                 ;
; RDCONTROL_ACLR_A       ; OFF                   ; Untyped                 ;
; OUTDATA_REG_A          ; UNREGISTERED          ; Untyped                 ;
; OUTDATA_ACLR_A         ; OFF                   ; Untyped                 ;
; RDADDRESS_REG_B        ; INCLOCK               ; Untyped                 ;
; RDADDRESS_ACLR_B       ; OFF                   ; Untyped                 ;
; RDCONTROL_REG_B        ; UNREGISTERED          ; Untyped                 ;
; RDCONTROL_ACLR_B       ; OFF                   ; Untyped                 ;
; OUTDATA_REG_B          ; UNREGISTERED          ; Untyped                 ;
; OUTDATA_ACLR_B         ; OFF                   ; Untyped                 ;
; USE_EAB                ; ON                    ; Untyped                 ;
; RAM_BLOCK_TYPE         ; M4K                   ; Untyped                 ;
; MAXIMUM_DEPTH          ; 0                     ; Untyped                 ;
; DEVICE_FAMILY          ; Cyclone II            ; Untyped                 ;
+------------------------+-----------------------+-------------------------+
Note: In order to hide this table in the UI and the text report file, please set the "Show Parameter Settings in Synthesis Report" option in "Analysis and Synthesis Settings -> More Settings" to "Off".


+-------------------------------+
; Analysis & Synthesis Messages ;
+-------------------------------+
Info: *******************************************************************
Info: Running Quartus II Analysis & Synthesis
    Info: Version 10.0 Build 218 06/27/2010 SJ Full Version
    Info: Copyright (C) 1991-2010 Altera Corporation. All rights reserved.
    Info: Your use of Altera Corporation's design tools, logic functions 
    Info: and other software and tools, and its AMPP partner logic 
    Info: functions, and any output files from any of the foregoing 
    Info: (including device programming or simulation files), and any 
    Info: associated documentation or information are expressly subject 
    Info: to the terms and conditions of the Altera Program License 
    Info: Subscription Agreement, Altera MegaCore Function License 
    Info: Agreement, or other applicable license agreement, including, 
    Info: without limitation, that your use is for the sole purpose of 
    Info: programming logic devices manufactured by Altera and sold by 
    Info: Altera or its authorized distributors.  Please refer to the 
    Info: applicable agreement for further details.
    Info: Processing started: Sun Sep 26 08:38:09 2010
Info: Command: quartus_map RAM2 --source=RAM2.v --ini=greybox_disable_cut_checks=on --family="Cyclone II"
Info: Parallel compilation is enabled and will use 2 of the 2 processors detected
Info: Found 1 design units, including 1 entities, in source file RAM2.v
    Info: Found entity 1: RAM2
Info: Elaborating entity "RAM2" for the top level hierarchy
Info: Elaborating entity "alt3pram" for hierarchy "alt3pram:alt3pram_component"
Info: Elaborated megafunction instantiation "alt3pram:alt3pram_component"
Info: Instantiated megafunction "alt3pram:alt3pram_component" with the following parameter:
    Info: Parameter "indata_aclr" = "OFF"
    Info: Parameter "indata_reg" = "INCLOCK"
    Info: Parameter "intended_device_family" = "Cyclone II"
    Info: Parameter "lpm_file" = "../test_data/RAM3.mif"
    Info: Parameter "lpm_type" = "alt3pram"
    Info: Parameter "outdata_aclr_a" = "OFF"
    Info: Parameter "outdata_aclr_b" = "OFF"
    Info: Parameter "outdata_reg_a" = "UNREGISTERED"
    Info: Parameter "outdata_reg_b" = "UNREGISTERED"
    Info: Parameter "ram_block_type" = "M4K"
    Info: Parameter "rdaddress_aclr_a" = "OFF"
    Info: Parameter "rdaddress_aclr_b" = "OFF"
    Info: Parameter "rdaddress_reg_a" = "INCLOCK"
    Info: Parameter "rdaddress_reg_b" = "INCLOCK"
    Info: Parameter "rdcontrol_aclr_a" = "OFF"
    Info: Parameter "rdcontrol_aclr_b" = "OFF"
    Info: Parameter "rdcontrol_reg_a" = "UNREGISTERED"
    Info: Parameter "rdcontrol_reg_b" = "UNREGISTERED"
    Info: Parameter "width" = "8"
    Info: Parameter "widthad" = "11"
    Info: Parameter "write_aclr" = "OFF"
    Info: Parameter "write_reg" = "INCLOCK"
Info: Elaborating entity "altdpram" for hierarchy "alt3pram:alt3pram_component|altdpram:altdpram_component1"
Info: Elaborated megafunction instantiation "alt3pram:alt3pram_component|altdpram:altdpram_component1", which is child of megafunction instantiation "alt3pram:alt3pram_component"
Info: Elaborating entity "altsyncram" for hierarchy "alt3pram:alt3pram_component|altdpram:altdpram_component1|altsyncram:ram_block"
Info: Elaborated megafunction instantiation "alt3pram:alt3pram_component|altdpram:altdpram_component1|altsyncram:ram_block", which is child of megafunction instantiation "alt3pram:alt3pram_component"
Info: Found 1 design units, including 1 entities, in source file db/altsyncram_uqt1.tdf
    Info: Found entity 1: altsyncram_uqt1
Info: Elaborating entity "altsyncram_uqt1" for hierarchy "alt3pram:alt3pram_component|altdpram:altdpram_component1|altsyncram:ram_block|altsyncram_uqt1:auto_generated"
Critical Warning: Can't find Memory Initialization File or Hexadecimal (Intel-Format) File ../test_data/RAM3.mif -- setting all initial values to 0
Info: Generating hard_block partition "hard_block:auto_generated_inst"
Info: Implemented 75 device resources after synthesis - the final resource count might be different
    Info: Implemented 43 input pins
    Info: Implemented 16 output pins
    Info: Implemented 16 RAM segments
Info: Quartus II Analysis & Synthesis was successful. 0 errors, 1 warning
    Info: Peak virtual memory: 252 megabytes
    Info: Processing ended: Sun Sep 26 08:38:12 2010
    Info: Elapsed time: 00:00:03
    Info: Total CPU time (on all processors): 00:00:02


