Analysis & Synthesis report for Board
Tue Oct 19 18:27:40 2010
Quartus II 64-Bit Version 9.1 Build 222 10/21/2009 SJ Full Version


---------------------
; Table of Contents ;
---------------------
  1. Legal Notice
  2. Analysis & Synthesis Summary
  3. Analysis & Synthesis Settings
  4. Parallel Compilation
  5. Analysis & Synthesis Source Files Read
  6. Analysis & Synthesis Resource Usage Summary
  7. Analysis & Synthesis Resource Utilization by Entity
  8. State Machine - |Board|state
  9. Registers Removed During Synthesis
 10. General Register Statistics
 11. Multiplexer Restructuring Statistics (Restructuring Performed)
 12. Parameter Settings for User Entity Instance: Top-level Entity: |Board
 13. Analysis & Synthesis Messages
 14. Analysis & Synthesis Suppressed Messages



----------------
; Legal Notice ;
----------------
Copyright (C) 1991-2009 Altera Corporation
Your use of Altera Corporation's design tools, logic functions 
and other software and tools, and its AMPP partner logic 
functions, and any output files from any of the foregoing 
(including device programming or simulation files), and any 
associated documentation or information are expressly subject 
to the terms and conditions of the Altera Program License 
Subscription Agreement, Altera MegaCore Function License 
Agreement, or other applicable license agreement, including, 
without limitation, that your use is for the sole purpose of 
programming logic devices manufactured by Altera and sold by 
Altera or its authorized distributors.  Please refer to the 
applicable agreement for further details.



+-------------------------------------------------------------------------------+
; Analysis & Synthesis Summary                                                  ;
+------------------------------------+------------------------------------------+
; Analysis & Synthesis Status        ; Successful - Tue Oct 19 18:27:39 2010    ;
; Quartus II 64-Bit Version          ; 9.1 Build 222 10/21/2009 SJ Full Version ;
; Revision Name                      ; Board                                    ;
; Top-level Entity Name              ; Board                                    ;
; Family                             ; Cyclone II                               ;
; Total logic elements               ; 445                                      ;
;     Total combinational functions  ; 287                                      ;
;     Dedicated logic registers      ; 334                                      ;
; Total registers                    ; 334                                      ;
; Total pins                         ; 148                                      ;
; Total virtual pins                 ; 0                                        ;
; Total memory bits                  ; 0                                        ;
; Embedded Multiplier 9-bit elements ; 0                                        ;
; Total PLLs                         ; 0                                        ;
+------------------------------------+------------------------------------------+


+----------------------------------------------------------------------------------------------------------------------+
; Analysis & Synthesis Settings                                                                                        ;
+----------------------------------------------------------------------------+--------------------+--------------------+
; Option                                                                     ; Setting            ; Default Value      ;
+----------------------------------------------------------------------------+--------------------+--------------------+
; Device                                                                     ; EP2C35F672C6       ;                    ;
; Top-level entity name                                                      ; Board              ; Board              ;
; Family name                                                                ; Cyclone II         ; Stratix II         ;
; Use Generated Physical Constraints File                                    ; Off                ;                    ;
; Use smart compilation                                                      ; Off                ; Off                ;
; Enable parallel Assembler and TimeQuest Timing Analyzer during compilation ; On                 ; On                 ;
; Enable compact report table                                                ; Off                ; Off                ;
; Restructure Multiplexers                                                   ; Auto               ; Auto               ;
; Create Debugging Nodes for IP Cores                                        ; Off                ; Off                ;
; Preserve fewer node names                                                  ; On                 ; On                 ;
; Disable OpenCore Plus hardware evaluation                                  ; Off                ; Off                ;
; Verilog Version                                                            ; Verilog_2001       ; Verilog_2001       ;
; VHDL Version                                                               ; VHDL_1993          ; VHDL_1993          ;
; State Machine Processing                                                   ; Auto               ; Auto               ;
; Safe State Machine                                                         ; Off                ; Off                ;
; Extract Verilog State Machines                                             ; On                 ; On                 ;
; Extract VHDL State Machines                                                ; On                 ; On                 ;
; Ignore Verilog initial constructs                                          ; Off                ; Off                ;
; Iteration limit for constant Verilog loops                                 ; 5000               ; 5000               ;
; Iteration limit for non-constant Verilog loops                             ; 250                ; 250                ;
; Add Pass-Through Logic to Inferred RAMs                                    ; On                 ; On                 ;
; Parallel Synthesis                                                         ; On                 ; On                 ;
; DSP Block Balancing                                                        ; Auto               ; Auto               ;
; NOT Gate Push-Back                                                         ; On                 ; On                 ;
; Power-Up Don't Care                                                        ; On                 ; On                 ;
; Remove Redundant Logic Cells                                               ; Off                ; Off                ;
; Remove Duplicate Registers                                                 ; On                 ; On                 ;
; Ignore CARRY Buffers                                                       ; Off                ; Off                ;
; Ignore CASCADE Buffers                                                     ; Off                ; Off                ;
; Ignore GLOBAL Buffers                                                      ; Off                ; Off                ;
; Ignore ROW GLOBAL Buffers                                                  ; Off                ; Off                ;
; Ignore LCELL Buffers                                                       ; Off                ; Off                ;
; Ignore SOFT Buffers                                                        ; On                 ; On                 ;
; Limit AHDL Integers to 32 Bits                                             ; Off                ; Off                ;
; Optimization Technique                                                     ; Balanced           ; Balanced           ;
; Carry Chain Length                                                         ; 70                 ; 70                 ;
; Auto Carry Chains                                                          ; On                 ; On                 ;
; Auto Open-Drain Pins                                                       ; On                 ; On                 ;
; Perform WYSIWYG Primitive Resynthesis                                      ; Off                ; Off                ;
; Auto ROM Replacement                                                       ; On                 ; On                 ;
; Auto RAM Replacement                                                       ; On                 ; On                 ;
; Auto Shift Register Replacement                                            ; Auto               ; Auto               ;
; Auto Clock Enable Replacement                                              ; On                 ; On                 ;
; Strict RAM Replacement                                                     ; Off                ; Off                ;
; Allow Synchronous Control Signals                                          ; On                 ; On                 ;
; Force Use of Synchronous Clear Signals                                     ; Off                ; Off                ;
; Auto RAM to Logic Cell Conversion                                          ; Off                ; Off                ;
; Auto Resource Sharing                                                      ; Off                ; Off                ;
; Allow Any RAM Size For Recognition                                         ; Off                ; Off                ;
; Allow Any ROM Size For Recognition                                         ; Off                ; Off                ;
; Allow Any Shift Register Size For Recognition                              ; Off                ; Off                ;
; Use LogicLock Constraints during Resource Balancing                        ; On                 ; On                 ;
; Ignore translate_off and synthesis_off directives                          ; Off                ; Off                ;
; Timing-Driven Synthesis                                                    ; Off                ; Off                ;
; Show Parameter Settings Tables in Synthesis Report                         ; On                 ; On                 ;
; Ignore Maximum Fan-Out Assignments                                         ; Off                ; Off                ;
; Synchronization Register Chain Length                                      ; 2                  ; 2                  ;
; PowerPlay Power Optimization                                               ; Normal compilation ; Normal compilation ;
; HDL message level                                                          ; Level2             ; Level2             ;
; Suppress Register Optimization Related Messages                            ; Off                ; Off                ;
; Number of Removed Registers Reported in Synthesis Report                   ; 100                ; 100                ;
; Number of Inverted Registers Reported in Synthesis Report                  ; 100                ; 100                ;
; Clock MUX Protection                                                       ; On                 ; On                 ;
; Auto Gated Clock Conversion                                                ; Off                ; Off                ;
; Block Design Naming                                                        ; Auto               ; Auto               ;
; SDC constraint protection                                                  ; Off                ; Off                ;
; Synthesis Effort                                                           ; Auto               ; Auto               ;
; Shift Register Replacement - Allow Asynchronous Clear Signal               ; On                 ; On                 ;
; Analysis & Synthesis Message Level                                         ; Medium             ; Medium             ;
; Disable Register Merging Across Hierarchies                                ; Auto               ; Auto               ;
; Resource Aware Inference For Block RAM                                     ; On                 ; On                 ;
+----------------------------------------------------------------------------+--------------------+--------------------+


Parallel compilation was disabled, but you have multiple processors available. Enable parallel compilation to reduce compilation time.
+-------------------------------------+
; Parallel Compilation                ;
+----------------------------+--------+
; Processors                 ; Number ;
+----------------------------+--------+
; Number detected on machine ; 4      ;
; Maximum allowed            ; 1      ;
+----------------------------+--------+


+------------------------------------------------------------------------------------------------------------------------------------------+
; Analysis & Synthesis Source Files Read                                                                                                   ;
+----------------------------------+-----------------+------------------------+------------------------------------------------------------+
; File Name with User-Entered Path ; Used in Netlist ; File Type              ; File Name with Absolute Path                               ;
+----------------------------------+-----------------+------------------------+------------------------------------------------------------+
; ../dma/dma_controller.v          ; yes             ; User Verilog HDL File  ; I:/CSCE611/mips_sram_s3/sim_src/board/dma/dma_controller.v ;
+----------------------------------+-----------------+------------------------+------------------------------------------------------------+


+-----------------------------------------------------+
; Analysis & Synthesis Resource Usage Summary         ;
+---------------------------------------------+-------+
; Resource                                    ; Usage ;
+---------------------------------------------+-------+
; Estimated Total logic elements              ; 445   ;
;                                             ;       ;
; Total combinational functions               ; 287   ;
; Logic element usage by number of LUT inputs ;       ;
;     -- 4 input functions                    ; 136   ;
;     -- 3 input functions                    ; 46    ;
;     -- <=2 input functions                  ; 105   ;
;                                             ;       ;
; Logic elements by mode                      ;       ;
;     -- normal mode                          ; 227   ;
;     -- arithmetic mode                      ; 60    ;
;                                             ;       ;
; Total registers                             ; 334   ;
;     -- Dedicated logic registers            ; 334   ;
;     -- I/O registers                        ; 0     ;
;                                             ;       ;
; I/O pins                                    ; 148   ;
; Maximum fan-out node                        ; clk   ;
; Maximum fan-out                             ; 334   ;
; Total fan-out                               ; 2104  ;
; Average fan-out                             ; 2.74  ;
+---------------------------------------------+-------+


+-----------------------------------------------------------------------------------------------------------------------------------------------------------------------------+
; Analysis & Synthesis Resource Utilization by Entity                                                                                                                         ;
+----------------------------+-------------------+--------------+-------------+--------------+---------+-----------+------+--------------+---------------------+--------------+
; Compilation Hierarchy Node ; LC Combinationals ; LC Registers ; Memory Bits ; DSP Elements ; DSP 9x9 ; DSP 18x18 ; Pins ; Virtual Pins ; Full Hierarchy Name ; Library Name ;
+----------------------------+-------------------+--------------+-------------+--------------+---------+-----------+------+--------------+---------------------+--------------+
; |Board                     ; 287 (287)         ; 334 (334)    ; 0           ; 0            ; 0       ; 0         ; 148  ; 0            ; |Board              ; work         ;
+----------------------------+-------------------+--------------+-------------+--------------+---------+-----------+------+--------------+---------------------+--------------+
Note: For table entries with two numbers listed, the numbers in parentheses indicate the number of resources of the given type used by the specific entity alone. The numbers listed outside of parentheses indicate the total resources of the given type used by the specific entity and all of its sub-entities in the hierarchy.


Encoding Type:  One-Hot
+-------------------------------------------------------------------------------------------------------------------------------------------------------------------------------------------+
; State Machine - |Board|state                                                                                                                                                              ;
+-----------------------+----------------------+-----------------------+----------------------+-----------------------+-----------------+----------------+-----------------+----------------+
; Name                  ; state.DMA_READ_READY ; state.DMA_WRITE_READY ; state.DMA_READ_GRANT ; state.DMA_WRITE_GRANT ; state.DMA_WRITE ; state.DMA_READ ; state.DMA_START ; state.DMA_IDLE ;
+-----------------------+----------------------+-----------------------+----------------------+-----------------------+-----------------+----------------+-----------------+----------------+
; state.DMA_IDLE        ; 0                    ; 0                     ; 0                    ; 0                     ; 0               ; 0              ; 0               ; 0              ;
; state.DMA_START       ; 0                    ; 0                     ; 0                    ; 0                     ; 0               ; 0              ; 1               ; 1              ;
; state.DMA_READ        ; 0                    ; 0                     ; 0                    ; 0                     ; 0               ; 1              ; 0               ; 1              ;
; state.DMA_WRITE       ; 0                    ; 0                     ; 0                    ; 0                     ; 1               ; 0              ; 0               ; 1              ;
; state.DMA_WRITE_GRANT ; 0                    ; 0                     ; 0                    ; 1                     ; 0               ; 0              ; 0               ; 1              ;
; state.DMA_READ_GRANT  ; 0                    ; 0                     ; 1                    ; 0                     ; 0               ; 0              ; 0               ; 1              ;
; state.DMA_WRITE_READY ; 0                    ; 1                     ; 0                    ; 0                     ; 0               ; 0              ; 0               ; 1              ;
; state.DMA_READ_READY  ; 1                    ; 0                     ; 0                    ; 0                     ; 0               ; 0              ; 0               ; 1              ;
+-----------------------+----------------------+-----------------------+----------------------+-----------------------+-----------------+----------------+-----------------+----------------+


+----------------------------------------------------------------------------+
; Registers Removed During Synthesis                                         ;
+----------------------------------------+-----------------------------------+
; Register name                          ; Reason for Removal                ;
+----------------------------------------+-----------------------------------+
; state~9                                ; Lost fanout                       ;
; state~10                               ; Lost fanout                       ;
; state~11                               ; Lost fanout                       ;
; state~12                               ; Lost fanout                       ;
; databus_txd[0]~en                      ; Merged with state.DMA_WRITE_READY ;
; databus_txd[1]~en                      ; Merged with state.DMA_WRITE_READY ;
; databus_txd[2]~en                      ; Merged with state.DMA_WRITE_READY ;
; databus_txd[3]~en                      ; Merged with state.DMA_WRITE_READY ;
; databus_txd[4]~en                      ; Merged with state.DMA_WRITE_READY ;
; databus_txd[5]~en                      ; Merged with state.DMA_WRITE_READY ;
; databus_txd[6]~en                      ; Merged with state.DMA_WRITE_READY ;
; databus_txd[7]~en                      ; Merged with state.DMA_WRITE_READY ;
; databus_txd[8]~en                      ; Merged with state.DMA_WRITE_READY ;
; databus_txd[9]~en                      ; Merged with state.DMA_WRITE_READY ;
; databus_txd[10]~en                     ; Merged with state.DMA_WRITE_READY ;
; databus_txd[11]~en                     ; Merged with state.DMA_WRITE_READY ;
; databus_txd[12]~en                     ; Merged with state.DMA_WRITE_READY ;
; databus_txd[13]~en                     ; Merged with state.DMA_WRITE_READY ;
; databus_txd[14]~en                     ; Merged with state.DMA_WRITE_READY ;
; databus_txd[15]~en                     ; Merged with state.DMA_WRITE_READY ;
; databus_txd[16]~en                     ; Merged with state.DMA_WRITE_READY ;
; databus_txd[17]~en                     ; Merged with state.DMA_WRITE_READY ;
; databus_txd[18]~en                     ; Merged with state.DMA_WRITE_READY ;
; databus_txd[19]~en                     ; Merged with state.DMA_WRITE_READY ;
; databus_txd[20]~en                     ; Merged with state.DMA_WRITE_READY ;
; databus_txd[21]~en                     ; Merged with state.DMA_WRITE_READY ;
; databus_txd[22]~en                     ; Merged with state.DMA_WRITE_READY ;
; databus_txd[23]~en                     ; Merged with state.DMA_WRITE_READY ;
; databus_txd[24]~en                     ; Merged with state.DMA_WRITE_READY ;
; databus_txd[25]~en                     ; Merged with state.DMA_WRITE_READY ;
; databus_txd[26]~en                     ; Merged with state.DMA_WRITE_READY ;
; databus_txd[27]~en                     ; Merged with state.DMA_WRITE_READY ;
; databus_txd[28]~en                     ; Merged with state.DMA_WRITE_READY ;
; databus_txd[29]~en                     ; Merged with state.DMA_WRITE_READY ;
; databus_txd[30]~en                     ; Merged with state.DMA_WRITE_READY ;
; databus_txd[31]~en                     ; Merged with state.DMA_WRITE_READY ;
; cdatabus_txd[1]~en                     ; Merged with cdatabus_txd[0]~en    ;
; cdatabus_txd[2]~en                     ; Merged with cdatabus_txd[0]~en    ;
; cdatabus_txd[3]~en                     ; Merged with cdatabus_txd[0]~en    ;
; cdatabus_txd[4]~en                     ; Merged with cdatabus_txd[0]~en    ;
; cdatabus_txd[5]~en                     ; Merged with cdatabus_txd[0]~en    ;
; cdatabus_txd[6]~en                     ; Merged with cdatabus_txd[0]~en    ;
; cdatabus_txd[7]~en                     ; Merged with cdatabus_txd[0]~en    ;
; cdatabus_txd[8]~en                     ; Merged with cdatabus_txd[0]~en    ;
; cdatabus_txd[9]~en                     ; Merged with cdatabus_txd[0]~en    ;
; cdatabus_txd[10]~en                    ; Merged with cdatabus_txd[0]~en    ;
; cdatabus_txd[11]~en                    ; Merged with cdatabus_txd[0]~en    ;
; cdatabus_txd[12]~en                    ; Merged with cdatabus_txd[0]~en    ;
; cdatabus_txd[13]~en                    ; Merged with cdatabus_txd[0]~en    ;
; cdatabus_txd[14]~en                    ; Merged with cdatabus_txd[0]~en    ;
; cdatabus_txd[15]~en                    ; Merged with cdatabus_txd[0]~en    ;
; cdatabus_txd[16]~en                    ; Merged with cdatabus_txd[0]~en    ;
; cdatabus_txd[17]~en                    ; Merged with cdatabus_txd[0]~en    ;
; cdatabus_txd[18]~en                    ; Merged with cdatabus_txd[0]~en    ;
; cdatabus_txd[19]~en                    ; Merged with cdatabus_txd[0]~en    ;
; cdatabus_txd[20]~en                    ; Merged with cdatabus_txd[0]~en    ;
; cdatabus_txd[21]~en                    ; Merged with cdatabus_txd[0]~en    ;
; cdatabus_txd[22]~en                    ; Merged with cdatabus_txd[0]~en    ;
; cdatabus_txd[23]~en                    ; Merged with cdatabus_txd[0]~en    ;
; cdatabus_txd[24]~en                    ; Merged with cdatabus_txd[0]~en    ;
; cdatabus_txd[25]~en                    ; Merged with cdatabus_txd[0]~en    ;
; cdatabus_txd[26]~en                    ; Merged with cdatabus_txd[0]~en    ;
; cdatabus_txd[27]~en                    ; Merged with cdatabus_txd[0]~en    ;
; cdatabus_txd[28]~en                    ; Merged with cdatabus_txd[0]~en    ;
; cdatabus_txd[29]~en                    ; Merged with cdatabus_txd[0]~en    ;
; cdatabus_txd[30]~en                    ; Merged with cdatabus_txd[0]~en    ;
; cdatabus_txd[31]~en                    ; Merged with cdatabus_txd[0]~en    ;
; Total Number of Removed Registers = 67 ;                                   ;
+----------------------------------------+-----------------------------------+


+------------------------------------------------------+
; General Register Statistics                          ;
+----------------------------------------------+-------+
; Statistic                                    ; Value ;
+----------------------------------------------+-------+
; Total registers                              ; 334   ;
; Number of registers using Synchronous Clear  ; 66    ;
; Number of registers using Synchronous Load   ; 62    ;
; Number of registers using Asynchronous Clear ; 0     ;
; Number of registers using Asynchronous Load  ; 0     ;
; Number of registers using Clock Enable       ; 192   ;
; Number of registers using Preset             ; 0     ;
+----------------------------------------------+-------+


+------------------------------------------------------------------------------------------------------------------------------------------+
; Multiplexer Restructuring Statistics (Restructuring Performed)                                                                           ;
+--------------------+-----------+---------------+----------------------+------------------------+------------+----------------------------+
; Multiplexer Inputs ; Bus Width ; Baseline Area ; Area if Restructured ; Saving if Restructured ; Registered ; Example Multiplexer Output ;
+--------------------+-----------+---------------+----------------------+------------------------+------------+----------------------------+
; 5:1                ; 32 bits   ; 96 LEs        ; 32 LEs               ; 64 LEs                 ; Yes        ; |Board|cregs[0][12]        ;
; 5:1                ; 2 bits    ; 6 LEs         ; 2 LEs                ; 4 LEs                  ; Yes        ; |Board|cregs[1][1]         ;
; 5:1                ; 30 bits   ; 90 LEs        ; 60 LEs               ; 30 LEs                 ; Yes        ; |Board|cregs[1][31]        ;
; 5:1                ; 32 bits   ; 96 LEs        ; 64 LEs               ; 32 LEs                 ; Yes        ; |Board|cregs[2][17]        ;
; 5:1                ; 2 bits    ; 6 LEs         ; 4 LEs                ; 2 LEs                  ; Yes        ; |Board|cregs[3][0]         ;
; 5:1                ; 27 bits   ; 81 LEs        ; 27 LEs               ; 54 LEs                 ; Yes        ; |Board|cregs[3][15]        ;
; 5:1                ; 3 bits    ; 9 LEs         ; 6 LEs                ; 3 LEs                  ; Yes        ; |Board|cregs[3][4]         ;
; 7:1                ; 32 bits   ; 128 LEs       ; 32 LEs               ; 96 LEs                 ; Yes        ; |Board|line[28]            ;
; 4:1                ; 32 bits   ; 64 LEs        ; 64 LEs               ; 0 LEs                  ; Yes        ; |Board|cdatabus_txd[9]     ;
; 11:1               ; 2 bits    ; 14 LEs        ; 8 LEs                ; 6 LEs                  ; No         ; |Board|Selector0           ;
+--------------------+-----------+---------------+----------------------+------------------------+------------+----------------------------+


+-----------------------------------------------------------------------+
; Parameter Settings for User Entity Instance: Top-level Entity: |Board ;
+-----------------+-------+---------------------------------------------+
; Parameter Name  ; Value ; Type                                        ;
+-----------------+-------+---------------------------------------------+
; DMA_IDLE        ; 0000  ; Unsigned Binary                             ;
; DMA_START       ; 0001  ; Unsigned Binary                             ;
; DMA_READ        ; 0010  ; Unsigned Binary                             ;
; DMA_WRITE       ; 0011  ; Unsigned Binary                             ;
; DMA_WRITE_GRANT ; 0100  ; Unsigned Binary                             ;
; DMA_READ_GRANT  ; 0101  ; Unsigned Binary                             ;
; DMA_WRITE_READY ; 0110  ; Unsigned Binary                             ;
; DMA_READ_READY  ; 0111  ; Unsigned Binary                             ;
+-----------------+-------+---------------------------------------------+
Note: In order to hide this table in the UI and the text report file, please set the "Show Parameter Settings Tables in Synthesis Report" option in "Analysis and Synthesis Settings -> More Settings" to "Off".


+-------------------------------+
; Analysis & Synthesis Messages ;
+-------------------------------+
Info: *******************************************************************
Info: Running Quartus II 64-Bit Analysis & Synthesis
    Info: Version 9.1 Build 222 10/21/2009 SJ Full Version
    Info: Processing started: Tue Oct 19 18:27:37 2010
Info: Command: quartus_map --read_settings_files=on --write_settings_files=off Board -c Board
Info: Found 1 design units, including 1 entities, in source file /csce611/mips_sram_s3/sim_src/board/dma/dma_controller.v
    Info: Found entity 1: Board
Info: Elaborating entity "Board" for the top level hierarchy
Warning (10036): Verilog HDL or VHDL warning at dma_controller.v(44): object "numb" assigned a value but never read
Info: 4 registers lost all their fanouts during netlist optimizations. The first 4 are displayed below.
    Info: Register "state~9" lost all its fanouts during netlist optimizations.
    Info: Register "state~10" lost all its fanouts during netlist optimizations.
    Info: Register "state~11" lost all its fanouts during netlist optimizations.
    Info: Register "state~12" lost all its fanouts during netlist optimizations.
Info: Generated suppressed messages file I:/CSCE611/mips_sram_s3/sim_src/board/proj/Board.map.smsg
Info: Implemented 625 device resources after synthesis - the final resource count might be different
    Info: Implemented 48 input pins
    Info: Implemented 68 output pins
    Info: Implemented 32 bidirectional pins
    Info: Implemented 477 logic cells
Info: Quartus II 64-Bit Analysis & Synthesis was successful. 0 errors, 1 warning
    Info: Peak virtual memory: 269 megabytes
    Info: Processing ended: Tue Oct 19 18:27:40 2010
    Info: Elapsed time: 00:00:03
    Info: Total CPU time (on all processors): 00:00:02


+------------------------------------------+
; Analysis & Synthesis Suppressed Messages ;
+------------------------------------------+
The suppressed messages can be found in I:/CSCE611/mips_sram_s3/sim_src/board/proj/Board.map.smsg.


