[0x00400000]	0x3c01afff  lui $1, -20481                  ; 13: li $s0, 0xAFFFFFF4 
[0x00400004]	0x3430fff4  ori $16, $1, -12
[0x00400008]	0x34080000  ori $8, $0, 0                   ; 14: li $t0, 0
[0x0040000c]	0xae080000  sw $8, 0($16)                   ; 15: sw $t0, 0($s0) 
[0x00400010]	0x3c01afff  lui $1, -20481                  ; 20: li $s1, 0xAFFFFFE0
[0x00400014]	0x3431ffe0  ori $17, $1, -32
[0x00400018]	0x8e290000  lw $9, 0($17)                   ; 21: lw $t1, 0($s1)
[0x0040001c]	0x3c01afff  lui $1, -20481                  ; 26: li $s1, 0xAFFFFFF8
[0x00400020]	0x3431fff8  ori $17, $1, -8
[0x00400024]	0xae290000  sw $9, 0($17)                   ; 27: sw $t1, 0($s1) 
[0x00400028]	0x3c01afff  lui $1, -20481                  ; 32: li $s2, 0xAFFFFFFC
[0x0040002c]	0x3432fffc  ori $18, $1, -4
[0x00400030]	0x340a0005  ori $10, $0, 5                  ; 33: li $t2, 0x00000005
[0x00400034]	0xae4a0000  sw $10, 0($18)                  ; 34: sw $t2, 0($s2) 
[0x00400038]	0x20040001  addi $4, $0, 1                  ; 39: addi $a0, $0, 1
[0x0040003c]	0x0c00001f  jal 0x0000007c [poll]           ; 44: jal poll
[0x00400040]	0x3c01afff  lui $1, -20481                  ; 55: li $s0, 0xAFFFFFF4 
[0x00400044]	0x3430fff4  ori $16, $1, -12
[0x00400048]	0x34080000  ori $8, $0, 0                   ; 56: li $t0, 0
[0x0040004c]	0xae080000  sw $8, 0($16)                   ; 57: sw $t0, 0($s0) 
[0x00400050]	0x3c01afff  lui $1, -20481                  ; 62: li $s1, 0xAFFFFFE0
[0x00400054]	0x3431ffe0  ori $17, $1, -32
[0x00400058]	0x8e290000  lw $9, 0($17)                   ; 63: lw $t1, 0($s1)
[0x0040005c]	0x3c01afff  lui $1, -20481                  ; 68: li $s1, 0xAFFFFFF8
[0x00400060]	0x3431fff8  ori $17, $1, -8
[0x00400064]	0xae290000  sw $9, 0($17)                   ; 69: sw $t1, 0($s1) 
[0x00400068]	0x3c01afff  lui $1, -20481                  ; 74: li $s2, 0xAFFFFFFC
[0x0040006c]	0x3432fffc  ori $18, $1, -4
[0x00400070]	0x340a0003  ori $10, $0, 3                  ; 75: li $t2, 0x00000003
[0x00400074]	0xae4a0000  sw $10, 0($18)                  ; 76: sw $t2, 0($s2) 
[0x00400078]	0x20040000  addi $4, $0, 0                  ; 77: addi $a0, $0, 0
[0x0040007c]	0x8e4b0000  lw $11, 0($18)                  ; 86: lw   $t3, 0($s2)
[0x00400080]	0x316b0080  andi $11, $11, 128              ; 87: andi $t3, $t3, 0x80
[0x00400084]	0x15600001  bne $11, $0, 4 [exit-0x00400084]; 88: bne  $t3, $0, exit
[0x00400088]	0x1000fffc  beq $0, $0, -16 [poll-0x00400088]; 89: beq  $0, $0, poll
[0x0040008c]	0x10800001  beq $4, $0, 4 [user-0x0040008c] ; 91: beqz $a0, user
[0x00400090]	0x03e00008  jr $31                          ; 92: jr $ra
[0x00400094]	0x00000008  jr $0                           ; 95: jr $0 

