Flow report for DE2_Top
Sat Oct 16 10:40:43 2010
Quartus II 64-Bit Version 9.1 Build 222 10/21/2009 SJ Full Version


---------------------
; Table of Contents ;
---------------------
  1. Legal Notice
  2. Flow Summary
  3. Flow Settings
  4. Flow Non-Default Global Settings
  5. Flow Elapsed Time
  6. Flow OS Summary
  7. Flow Log



----------------
; Legal Notice ;
----------------
Copyright (C) 1991-2009 Altera Corporation
Your use of Altera Corporation's design tools, logic functions 
and other software and tools, and its AMPP partner logic 
functions, and any output files from any of the foregoing 
(including device programming or simulation files), and any 
associated documentation or information are expressly subject 
to the terms and conditions of the Altera Program License 
Subscription Agreement, Altera MegaCore Function License 
Agreement, or other applicable license agreement, including, 
without limitation, that your use is for the sole purpose of 
programming logic devices manufactured by Altera and sold by 
Altera or its authorized distributors.  Please refer to the 
applicable agreement for further details.



+-------------------------------------------------------------------------------+
; Flow Summary                                                                  ;
+------------------------------------+------------------------------------------+
; Flow Status                        ; Successful - Sat Oct 16 10:40:43 2010    ;
; Quartus II 64-Bit Version          ; 9.1 Build 222 10/21/2009 SJ Full Version ;
; Revision Name                      ; DE2_Top                                  ;
; Top-level Entity Name              ; DE2_Top                                  ;
; Family                             ; Cyclone II                               ;
; Device                             ; EP2C35F672C6                             ;
; Timing Models                      ; Final                                    ;
; Met timing requirements            ; Yes                                      ;
; Total logic elements               ; 3,513 / 33,216 ( 11 % )                  ;
;     Total combinational functions  ; 2,968 / 33,216 ( 9 % )                   ;
;     Dedicated logic registers      ; 1,242 / 33,216 ( 4 % )                   ;
; Total registers                    ; 1242                                     ;
; Total pins                         ; 59 / 475 ( 12 % )                        ;
; Total virtual pins                 ; 0                                        ;
; Total memory bits                  ; 131,072 / 483,840 ( 27 % )               ;
; Embedded Multiplier 9-bit elements ; 0 / 70 ( 0 % )                           ;
; Total PLLs                         ; 1 / 4 ( 25 % )                           ;
+------------------------------------+------------------------------------------+


+-----------------------------------------+
; Flow Settings                           ;
+-------------------+---------------------+
; Option            ; Setting             ;
+-------------------+---------------------+
; Start date & time ; 10/16/2010 10:39:32 ;
; Main task         ; Compilation         ;
; Revision Name     ; DE2_Top             ;
+-------------------+---------------------+


+------------------------------------------------------------------------------------------------------------------------------------------------+
; Flow Non-Default Global Settings                                                                                                               ;
+------------------------------------+------------------------------------------------------------+---------------+-------------+----------------+
; Assignment Name                    ; Value                                                      ; Default Value ; Entity Name ; Section Id     ;
+------------------------------------+------------------------------------------------------------+---------------+-------------+----------------+
; COMPILER_SIGNATURE_ID              ; 158512999519.128725077100360                               ; --            ; --          ; --             ;
; ENABLE_SIGNALTAP                   ; Off                                                        ; --            ; --          ; --             ;
; FITTER_EFFORT                      ; Standard Fit                                               ; Auto Fit      ; --          ; --             ;
; FMAX_REQUIREMENT                   ; 25.2 MHz                                                   ; --            ; --          ; --             ;
; IP_TOOL_NAME                       ; ALTPLL                                                     ; --            ; --          ; --             ;
; IP_TOOL_VERSION                    ; 9.1                                                        ; --            ; --          ; --             ;
; MAX_CORE_JUNCTION_TEMP             ; 85                                                         ; --            ; --          ; --             ;
; MIN_CORE_JUNCTION_TEMP             ; 0                                                          ; --            ; --          ; --             ;
; MISC_FILE                          ; ../syn_src/VGA_razzle_IO/VGA_Audio_PLL.ppf                 ; --            ; --          ; --             ;
; PARTITION_COLOR                    ; 16764057                                                   ; --            ; --          ; Top            ;
; PARTITION_NETLIST_TYPE             ; SOURCE                                                     ; --            ; --          ; Top            ;
; SEARCH_PATH                        ; c:\users\jin\desktop\csce611\mips_sram_s3\syn_src\include/ ; --            ; --          ; --             ;
; SEED                               ; 2                                                          ; 1             ; --          ; --             ;
; SMART_RECOMPILE                    ; On                                                         ; Off           ; --          ; --             ;
; USE_GENERATED_PHYSICAL_CONSTRAINTS ; Off                                                        ; --            ; --          ; eda_blast_fpga ;
; USE_SIGNALTAP_FILE                 ; GoRazzle.stp                                               ; --            ; --          ; --             ;
+------------------------------------+------------------------------------------------------------+---------------+-------------+----------------+


+-----------------------------------------------------------------------------------------------------------------------------+
; Flow Elapsed Time                                                                                                           ;
+-------------------------+--------------+-------------------------+---------------------+------------------------------------+
; Module Name             ; Elapsed Time ; Average Processors Used ; Peak Virtual Memory ; Total CPU Time (on all processors) ;
+-------------------------+--------------+-------------------------+---------------------+------------------------------------+
; Analysis & Synthesis    ; 00:00:21     ; 1.0                     ; 316 MB              ; 00:00:21                           ;
; Fitter                  ; 00:00:33     ; 1.0                     ; 375 MB              ; 00:00:33                           ;
; Assembler               ; 00:00:02     ; 1.0                     ; 316 MB              ; 00:00:02                           ;
; Classic Timing Analyzer ; 00:00:10     ; 1.0                     ; 262 MB              ; 00:00:10                           ;
; Total                   ; 00:01:06     ; --                      ; --                  ; 00:01:06                           ;
+-------------------------+--------------+-------------------------+---------------------+------------------------------------+


+------------------------------------------------------------------------------------------+
; Flow OS Summary                                                                          ;
+-------------------------+------------------+---------------+------------+----------------+
; Module Name             ; Machine Hostname ; OS Name       ; OS Version ; Processor type ;
+-------------------------+------------------+---------------+------------+----------------+
; Analysis & Synthesis    ; Jin-PC           ; Windows Vista ; 6.1        ; x86_64         ;
; Fitter                  ; Jin-PC           ; Windows Vista ; 6.1        ; x86_64         ;
; Assembler               ; Jin-PC           ; Windows Vista ; 6.1        ; x86_64         ;
; Classic Timing Analyzer ; Jin-PC           ; Windows Vista ; 6.1        ; x86_64         ;
+-------------------------+------------------+---------------+------------+----------------+


------------
; Flow Log ;
------------
quartus_map --read_settings_files=on --write_settings_files=off DE2_Top -c DE2_Top
quartus_fit --read_settings_files=off --write_settings_files=off DE2_Top -c DE2_Top
quartus_asm --read_settings_files=off --write_settings_files=off DE2_Top -c DE2_Top
quartus_tan --read_settings_files=off --write_settings_files=off DE2_Top -c DE2_Top --timing_analysis_only



