MIF/HEX Update report for DE2_Top
Sat Oct 16 01:17:01 2010
Quartus II 64-Bit Version 9.1 Build 222 10/21/2009 SJ Full Version


---------------------
; Table of Contents ;
---------------------
  1. Legal Notice
  2. MIF/HEX Update Summary
  3. MIF/HEX Update Processed Files
  4. MIF/HEX Update Messages



----------------
; Legal Notice ;
----------------
Copyright (C) 1991-2009 Altera Corporation
Your use of Altera Corporation's design tools, logic functions 
and other software and tools, and its AMPP partner logic 
functions, and any output files from any of the foregoing 
(including device programming or simulation files), and any 
associated documentation or information are expressly subject 
to the terms and conditions of the Altera Program License 
Subscription Agreement, Altera MegaCore Function License 
Agreement, or other applicable license agreement, including, 
without limitation, that your use is for the sole purpose of 
programming logic devices manufactured by Altera and sold by 
Altera or its authorized distributors.  Please refer to the 
applicable agreement for further details.



+---------------------------------------------------------------+
; MIF/HEX Update Summary                                        ;
+-----------------------+---------------------------------------+
; MIF/HEX Update Status ; Successful - Sat Oct 16 01:17:01 2010 ;
; Revision Name         ; DE2_Top                               ;
; Top-level Entity Name ; DE2_Top                               ;
; Family                ; Cyclone II                            ;
; Device                ; EP2C35F672C6                          ;
+-----------------------+---------------------------------------+


+------------------------------------------------------------+
; MIF/HEX Update Processed Files                             ;
+------------------------------------------------------------+
; File Name                                                  ;
+------------------------------------------------------------+
; /users/jin/desktop/csce611/mips_sram_s3/test_data/ram0.mif ;
; /users/jin/desktop/csce611/mips_sram_s3/test_data/ram1.mif ;
; /users/jin/desktop/csce611/mips_sram_s3/test_data/ram2.mif ;
; /users/jin/desktop/csce611/mips_sram_s3/test_data/ram3.mif ;
+------------------------------------------------------------+


+-------------------------+
; MIF/HEX Update Messages ;
+-------------------------+
Info: *******************************************************************
Info: Running Quartus II 64-Bit MIF/HEX Update
    Info: Version 9.1 Build 222 10/21/2009 SJ Full Version
    Info: Processing started: Sat Oct 16 01:17:00 2010
Info: Command: quartus_cdb DE2_Top -c DE2_Top --update_mif
Info: Processed the following Memory Initialization File(s)
    Info: Processed Memory Initialization File /users/jin/desktop/csce611/mips_sram_s3/test_data/ram0.mif
    Info: Processed Memory Initialization File /users/jin/desktop/csce611/mips_sram_s3/test_data/ram1.mif
    Info: Processed Memory Initialization File /users/jin/desktop/csce611/mips_sram_s3/test_data/ram2.mif
    Info: Processed Memory Initialization File /users/jin/desktop/csce611/mips_sram_s3/test_data/ram3.mif
Info: Quartus II 64-Bit MIF/HEX Update was successful. 0 errors, 0 warnings
    Info: Peak virtual memory: 288 megabytes
    Info: Processing ended: Sat Oct 16 01:17:01 2010
    Info: Elapsed time: 00:00:01
    Info: Total CPU time (on all processors): 00:00:01


