Flow report for DE2_Top
Mon Nov 08 14:20:11 2010
Quartus II 64-Bit Version 9.1 Build 222 10/21/2009 SJ Full Version


---------------------
; Table of Contents ;
---------------------
  1. Legal Notice
  2. Flow Summary
  3. Flow Settings
  4. Flow Non-Default Global Settings
  5. Flow Elapsed Time
  6. Flow OS Summary
  7. Flow Log



----------------
; Legal Notice ;
----------------
Copyright (C) 1991-2009 Altera Corporation
Your use of Altera Corporation's design tools, logic functions 
and other software and tools, and its AMPP partner logic 
functions, and any output files from any of the foregoing 
(including device programming or simulation files), and any 
associated documentation or information are expressly subject 
to the terms and conditions of the Altera Program License 
Subscription Agreement, Altera MegaCore Function License 
Agreement, or other applicable license agreement, including, 
without limitation, that your use is for the sole purpose of 
programming logic devices manufactured by Altera and sold by 
Altera or its authorized distributors.  Please refer to the 
applicable agreement for further details.



+-------------------------------------------------------------------------------+
; Flow Summary                                                                  ;
+------------------------------------+------------------------------------------+
; Flow Status                        ; Successful - Mon Nov 08 14:20:11 2010    ;
; Quartus II 64-Bit Version          ; 9.1 Build 222 10/21/2009 SJ Full Version ;
; Revision Name                      ; DE2_Top                                  ;
; Top-level Entity Name              ; DE2_Top                                  ;
; Family                             ; Cyclone II                               ;
; Device                             ; EP2C35F672C6                             ;
; Timing Models                      ; Final                                    ;
; Met timing requirements            ; Yes                                      ;
; Total logic elements               ; 5,410 / 33,216 ( 16 % )                  ;
;     Total combinational functions  ; 3,659 / 33,216 ( 11 % )                  ;
;     Dedicated logic registers      ; 3,402 / 33,216 ( 10 % )                  ;
; Total registers                    ; 3402                                     ;
; Total pins                         ; 58 / 475 ( 12 % )                        ;
; Total virtual pins                 ; 0                                        ;
; Total memory bits                  ; 275,200 / 483,840 ( 57 % )               ;
; Embedded Multiplier 9-bit elements ; 0 / 70 ( 0 % )                           ;
; Total PLLs                         ; 1 / 4 ( 25 % )                           ;
+------------------------------------+------------------------------------------+


+-----------------------------------------+
; Flow Settings                           ;
+-------------------+---------------------+
; Option            ; Setting             ;
+-------------------+---------------------+
; Start date & time ; 11/08/2010 14:18:53 ;
; Main task         ; Compilation         ;
; Revision Name     ; DE2_Top             ;
+-------------------+---------------------+


+--------------------------------------------------------------------------------------------------------------------------------------------------------------------------------------------------------------------------------------------------------------------------------------------------------------------------------------------------------------------------------------------------------------------------------------------------------------------------------------------------------------------------------------------------------------------------------------------------------------------------------------------------+
; Flow Non-Default Global Settings                                                                                                                                                                                                                                                                                                                                                                                                                                                                                                                                                                                                                 ;
+------------------------------------+------------------------------------------------------------------------------------------------------------------------------------------------------------------------------------------------------------------------------------------------------------------------------------------------------------------------------------------------------------------------------------------------------------------------------------------------------------------------------------------------------------------------------------------------------------+---------------+-------------+------------------+
; Assignment Name                    ; Value                                                                                                                                                                                                                                                                                                                                                                                                                                                                                                                                                      ; Default Value ; Entity Name ; Section Id       ;
+------------------------------------+------------------------------------------------------------------------------------------------------------------------------------------------------------------------------------------------------------------------------------------------------------------------------------------------------------------------------------------------------------------------------------------------------------------------------------------------------------------------------------------------------------------------------------------------------------+---------------+-------------+------------------+
; COMPILER_SIGNATURE_ID              ; 158512999519.128925473201172                                                                                                                                                                                                                                                                                                                                                                                                                                                                                                                               ; --            ; --          ; --               ;
; ENABLE_SIGNALTAP                   ; On                                                                                                                                                                                                                                                                                                                                                                                                                                                                                                                                                         ; --            ; --          ; --               ;
; IP_TOOL_NAME                       ; RAM: 3-PORT                                                                                                                                                                                                                                                                                                                                                                                                                                                                                                                                                ; --            ; --          ; --               ;
; IP_TOOL_NAME                       ; RAM: 3-PORT                                                                                                                                                                                                                                                                                                                                                                                                                                                                                                                                                ; --            ; --          ; --               ;
; IP_TOOL_NAME                       ; RAM: 3-PORT                                                                                                                                                                                                                                                                                                                                                                                                                                                                                                                                                ; --            ; --          ; --               ;
; IP_TOOL_NAME                       ; RAM: 3-PORT                                                                                                                                                                                                                                                                                                                                                                                                                                                                                                                                                ; --            ; --          ; --               ;
; IP_TOOL_VERSION                    ; 9.1                                                                                                                                                                                                                                                                                                                                                                                                                                                                                                                                                        ; --            ; --          ; --               ;
; IP_TOOL_VERSION                    ; 9.1                                                                                                                                                                                                                                                                                                                                                                                                                                                                                                                                                        ; --            ; --          ; --               ;
; IP_TOOL_VERSION                    ; 9.1                                                                                                                                                                                                                                                                                                                                                                                                                                                                                                                                                        ; --            ; --          ; --               ;
; IP_TOOL_VERSION                    ; 9.1                                                                                                                                                                                                                                                                                                                                                                                                                                                                                                                                                        ; --            ; --          ; --               ;
; MAX_CORE_JUNCTION_TEMP             ; 85                                                                                                                                                                                                                                                                                                                                                                                                                                                                                                                                                         ; --            ; --          ; --               ;
; MIN_CORE_JUNCTION_TEMP             ; 0                                                                                                                                                                                                                                                                                                                                                                                                                                                                                                                                                          ; --            ; --          ; --               ;
; PARTITION_COLOR                    ; 16764057                                                                                                                                                                                                                                                                                                                                                                                                                                                                                                                                                   ; --            ; --          ; Top              ;
; PARTITION_NETLIST_TYPE             ; SOURCE                                                                                                                                                                                                                                                                                                                                                                                                                                                                                                                                                     ; --            ; --          ; Top              ;
; SEARCH_PATH                        ; c:\users\jin\desktop\csce611\mips_sram_s3\syn_src\include/                                                                                                                                                                                                                                                                                                                                                                                                                                                                                                 ; --            ; --          ; --               ;
; SLD_NODE_CREATOR_ID                ; 110                                                                                                                                                                                                                                                                                                                                                                                                                                                                                                                                                        ; --            ; --          ; auto_signaltap_0 ;
; SLD_NODE_ENTITY_NAME               ; sld_signaltap                                                                                                                                                                                                                                                                                                                                                                                                                                                                                                                                              ; --            ; --          ; auto_signaltap_0 ;
; SLD_NODE_PARAMETER_ASSIGNMENT      ; SLD_NODE_INFO=805334528                                                                                                                                                                                                                                                                                                                                                                                                                                                                                                                                    ; --            ; --          ; auto_signaltap_0 ;
; SLD_NODE_PARAMETER_ASSIGNMENT      ; SLD_POWER_UP_TRIGGER=0                                                                                                                                                                                                                                                                                                                                                                                                                                                                                                                                     ; --            ; --          ; auto_signaltap_0 ;
; SLD_NODE_PARAMETER_ASSIGNMENT      ; SLD_STORAGE_QUALIFIER_INVERSION_MASK_LENGTH=0                                                                                                                                                                                                                                                                                                                                                                                                                                                                                                              ; --            ; --          ; auto_signaltap_0 ;
; SLD_NODE_PARAMETER_ASSIGNMENT      ; SLD_SEGMENT_SIZE=128                                                                                                                                                                                                                                                                                                                                                                                                                                                                                                                                       ; --            ; --          ; auto_signaltap_0 ;
; SLD_NODE_PARAMETER_ASSIGNMENT      ; SLD_ATTRIBUTE_MEM_MODE=OFF                                                                                                                                                                                                                                                                                                                                                                                                                                                                                                                                 ; --            ; --          ; auto_signaltap_0 ;
; SLD_NODE_PARAMETER_ASSIGNMENT      ; SLD_STATE_FLOW_USE_GENERATED=0                                                                                                                                                                                                                                                                                                                                                                                                                                                                                                                             ; --            ; --          ; auto_signaltap_0 ;
; SLD_NODE_PARAMETER_ASSIGNMENT      ; SLD_STATE_BITS=11                                                                                                                                                                                                                                                                                                                                                                                                                                                                                                                                          ; --            ; --          ; auto_signaltap_0 ;
; SLD_NODE_PARAMETER_ASSIGNMENT      ; SLD_BUFFER_FULL_STOP=1                                                                                                                                                                                                                                                                                                                                                                                                                                                                                                                                     ; --            ; --          ; auto_signaltap_0 ;
; SLD_NODE_PARAMETER_ASSIGNMENT      ; SLD_CURRENT_RESOURCE_WIDTH=1                                                                                                                                                                                                                                                                                                                                                                                                                                                                                                                               ; --            ; --          ; auto_signaltap_0 ;
; SLD_NODE_PARAMETER_ASSIGNMENT      ; SLD_TRIGGER_LEVEL=1                                                                                                                                                                                                                                                                                                                                                                                                                                                                                                                                        ; --            ; --          ; auto_signaltap_0 ;
; SLD_NODE_PARAMETER_ASSIGNMENT      ; SLD_SAMPLE_DEPTH=128                                                                                                                                                                                                                                                                                                                                                                                                                                                                                                                                       ; --            ; --          ; auto_signaltap_0 ;
; SLD_NODE_PARAMETER_ASSIGNMENT      ; SLD_TRIGGER_IN_ENABLED=0                                                                                                                                                                                                                                                                                                                                                                                                                                                                                                                                   ; --            ; --          ; auto_signaltap_0 ;
; SLD_NODE_PARAMETER_ASSIGNMENT      ; SLD_ADVANCED_TRIGGER_ENTITY=basic,1,                                                                                                                                                                                                                                                                                                                                                                                                                                                                                                                       ; --            ; --          ; auto_signaltap_0 ;
; SLD_NODE_PARAMETER_ASSIGNMENT      ; SLD_TRIGGER_LEVEL_PIPELINE=1                                                                                                                                                                                                                                                                                                                                                                                                                                                                                                                               ; --            ; --          ; auto_signaltap_0 ;
; SLD_NODE_PARAMETER_ASSIGNMENT      ; SLD_ENABLE_ADVANCED_TRIGGER=0                                                                                                                                                                                                                                                                                                                                                                                                                                                                                                                              ; --            ; --          ; auto_signaltap_0 ;
; SLD_NODE_PARAMETER_ASSIGNMENT      ; SLD_DATA_BITS=166                                                                                                                                                                                                                                                                                                                                                                                                                                                                                                                                          ; --            ; --          ; auto_signaltap_0 ;
; SLD_NODE_PARAMETER_ASSIGNMENT      ; SLD_TRIGGER_BITS=166                                                                                                                                                                                                                                                                                                                                                                                                                                                                                                                                       ; --            ; --          ; auto_signaltap_0 ;
; SLD_NODE_PARAMETER_ASSIGNMENT      ; SLD_INVERSION_MASK=000000000000000000000000000000000000000000000000000000000000000000000000000000000000000000000000000000000000000000000000000000000000000000000000000000000000000000000000000000000000000000000000000000000000000000000000000000000000000000000000000000000000000000000000000000000000000000000000000000000000000000000000000000000000000000000000000000000000000000000000000000000000000000000000000000000000000000000000000000000000000000000000000000000000000000000000000000000000000000000000000000000000000000000000000000000000000 ; --            ; --          ; auto_signaltap_0 ;
; SLD_NODE_PARAMETER_ASSIGNMENT      ; SLD_INVERSION_MASK_LENGTH=519                                                                                                                                                                                                                                                                                                                                                                                                                                                                                                                              ; --            ; --          ; auto_signaltap_0 ;
; SLD_NODE_PARAMETER_ASSIGNMENT      ; SLD_NODE_CRC_LOWORD=40384                                                                                                                                                                                                                                                                                                                                                                                                                                                                                                                                  ; --            ; --          ; auto_signaltap_0 ;
; SLD_NODE_PARAMETER_ASSIGNMENT      ; SLD_NODE_CRC_HIWORD=21060                                                                                                                                                                                                                                                                                                                                                                                                                                                                                                                                  ; --            ; --          ; auto_signaltap_0 ;
; USE_GENERATED_PHYSICAL_CONSTRAINTS ; Off                                                                                                                                                                                                                                                                                                                                                                                                                                                                                                                                                        ; --            ; --          ; eda_blast_fpga   ;
; USE_SIGNALTAP_FILE                 ; stp1.stp                                                                                                                                                                                                                                                                                                                                                                                                                                                                                                                                                   ; --            ; --          ; --               ;
+------------------------------------+------------------------------------------------------------------------------------------------------------------------------------------------------------------------------------------------------------------------------------------------------------------------------------------------------------------------------------------------------------------------------------------------------------------------------------------------------------------------------------------------------------------------------------------------------------+---------------+-------------+------------------+


+-----------------------------------------------------------------------------------------------------------------------------+
; Flow Elapsed Time                                                                                                           ;
+-------------------------+--------------+-------------------------+---------------------+------------------------------------+
; Module Name             ; Elapsed Time ; Average Processors Used ; Peak Virtual Memory ; Total CPU Time (on all processors) ;
+-------------------------+--------------+-------------------------+---------------------+------------------------------------+
; Analysis & Synthesis    ; 00:00:28     ; 1.0                     ; 415 MB              ; 00:00:29                           ;
; Fitter                  ; 00:00:25     ; 1.0                     ; 400 MB              ; 00:00:25                           ;
; Assembler               ; 00:00:02     ; 1.0                     ; 329 MB              ; 00:00:03                           ;
; Classic Timing Analyzer ; 00:00:16     ; 1.0                     ; 301 MB              ; 00:00:16                           ;
; Total                   ; 00:01:11     ; --                      ; --                  ; 00:01:13                           ;
+-------------------------+--------------+-------------------------+---------------------+------------------------------------+


+------------------------------------------------------------------------------------------+
; Flow OS Summary                                                                          ;
+-------------------------+------------------+---------------+------------+----------------+
; Module Name             ; Machine Hostname ; OS Name       ; OS Version ; Processor type ;
+-------------------------+------------------+---------------+------------+----------------+
; Analysis & Synthesis    ; Jin-PC           ; Windows Vista ; 6.1        ; x86_64         ;
; Fitter                  ; Jin-PC           ; Windows Vista ; 6.1        ; x86_64         ;
; Assembler               ; Jin-PC           ; Windows Vista ; 6.1        ; x86_64         ;
; Classic Timing Analyzer ; Jin-PC           ; Windows Vista ; 6.1        ; x86_64         ;
+-------------------------+------------------+---------------+------------+----------------+


------------
; Flow Log ;
------------
quartus_map --read_settings_files=on --write_settings_files=off DE2_Top -c DE2_Top
quartus_fit --read_settings_files=off --write_settings_files=off DE2_Top -c DE2_Top
quartus_asm --read_settings_files=off --write_settings_files=off DE2_Top -c DE2_Top
quartus_tan --read_settings_files=off --write_settings_files=off DE2_Top -c DE2_Top --timing_analysis_only



